<html>
<head>
<title>TestNG:  Test</title>
<link href="../testng.css" rel="stylesheet" type="text/css" />
<link href="../my-testng.css" rel="stylesheet" type="text/css" />

<style type="text/css">
.log { display: none;} 
.stack-trace { display: none;} 
</style>
<script type="text/javascript">
<!--
function flip(e) {
  current = e.style.display;
  if (current == 'block') {
    e.style.display = 'none';
    return 0;
  }
  else {
    e.style.display = 'block';
    return 1;
  }
}

function toggleBox(szDivId, elem, msg1, msg2)
{
  var res = -1;  if (document.getElementById) {
    res = flip(document.getElementById(szDivId));
  }
  else if (document.all) {
    // this is the way old msie versions work
    res = flip(document.all[szDivId]);
  }
  if(elem) {
    if(res == 0) elem.innerHTML = msg1; else elem.innerHTML = msg2;
  }

}

function toggleAllBoxes() {
  if (document.getElementsByTagName) {
    d = document.getElementsByTagName('div');
    for (i = 0; i < d.length; i++) {
      if (d[i].className == 'log') {
        flip(d[i]);
      }
    }
  }
}

// -->
</script>

</head>
<body>
<h2 align='center'>Test</h2><table border='1' align="center">
<tr>
<td>Tests passed/Failed/Skipped:</td><td>0/0/3</td>
</tr><tr>
<td>Started on:</td><td>Sat Jun 24 12:22:21 IST 2023</td>
</tr>
<tr><td>Total time:</td><td>0 seconds (76 ms)</td>
</tr><tr>
<td>Included groups:</td><td></td>
</tr><tr>
<td>Excluded groups:</td><td></td>
</tr>
</table><p/>
<small><i>(Hover the method name to see the test class name)</i></small><p/>
<table width='100%' border='1' class='invocation-failed'>
<tr><td colspan='4' align='center'><b>FAILED CONFIGURATIONS</b></td></tr>
<tr><td><b>Test method</b></td>
<td width="30%"><b>Exception</b></td>
<td width="10%"><b>Time (seconds)</b></td>
<td><b>Instance</b></td>
</tr>
<tr>
<td title='test_Cases.DWS_Community_Poll_Test_Case.browser_Setup()'><b>browser_Setup</b><br>Test class: test_Cases.DWS_Community_Poll_Test_Case</td>
<td><div><pre>org.testng.TestNGException: 
Parameter &apos;URL&apos; is required by BeforeClass on method browser_Setup but has not been marked @Optional or defined
in D:\TYSS\JAVA\Selenium_Training\ParallelExecutiontestng.xml
	at java.base/java.util.concurrent.ThreadPoolExecutor.runWorker(ThreadPoolExecutor.java:1144)
	at java.base/java.util.concurrent.ThreadPoolExecutor$Worker.run(ThreadPoolExecutor.java:642)
	at java.base/java.lang.Thread.run(Thread.java:1589)
... Removed 7 stack frames</pre></div><a href='#' onClick='toggleBox("stack-trace1546684768", this, "Click to show all stack frames", "Click to hide stack frames")'>Click to show all stack frames</a>
<div class='stack-trace' id='stack-trace1546684768'><pre>org.testng.TestNGException: 
Parameter &apos;URL&apos; is required by BeforeClass on method browser_Setup but has not been marked @Optional or defined
in D:\TYSS\JAVA\Selenium_Training\ParallelExecutiontestng.xml
	at org.testng.internal.Parameters.createParams(Parameters.java:270)
	at org.testng.internal.Parameters.createParametersForMethod(Parameters.java:358)
	at org.testng.internal.Parameters.createParameters(Parameters.java:700)
	at org.testng.internal.Parameters.createConfigurationParameters(Parameters.java:168)
	at org.testng.internal.ConfigInvoker.invokeConfigurations(ConfigInvoker.java:302)
	at org.testng.internal.TestMethodWorker.invokeBeforeClassMethods(TestMethodWorker.java:176)
	at org.testng.internal.TestMethodWorker.run(TestMethodWorker.java:122)
	at java.base/java.util.concurrent.ThreadPoolExecutor.runWorker(ThreadPoolExecutor.java:1144)
	at java.base/java.util.concurrent.ThreadPoolExecutor$Worker.run(ThreadPoolExecutor.java:642)
	at java.base/java.lang.Thread.run(Thread.java:1589)
</pre></div></td>
<td>-1687589541</td>
<td>test_Cases.DWS_Community_Poll_Test_Case@3f197a46</td></tr>
<tr>
<td title='test_Cases.DWS_Login_Test_Case.browser_Setup()'><b>browser_Setup</b><br>Test class: test_Cases.DWS_Login_Test_Case</td>
<td><div><pre>org.testng.TestNGException: 
Parameter &apos;URL&apos; is required by BeforeClass on method browser_Setup but has not been marked @Optional or defined
in D:\TYSS\JAVA\Selenium_Training\ParallelExecutiontestng.xml
	at java.base/java.util.concurrent.ThreadPoolExecutor.runWorker(ThreadPoolExecutor.java:1144)
	at java.base/java.util.concurrent.ThreadPoolExecutor$Worker.run(ThreadPoolExecutor.java:642)
	at java.base/java.lang.Thread.run(Thread.java:1589)
... Removed 7 stack frames</pre></div><a href='#' onClick='toggleBox("stack-trace145694505", this, "Click to show all stack frames", "Click to hide stack frames")'>Click to show all stack frames</a>
<div class='stack-trace' id='stack-trace145694505'><pre>org.testng.TestNGException: 
Parameter &apos;URL&apos; is required by BeforeClass on method browser_Setup but has not been marked @Optional or defined
in D:\TYSS\JAVA\Selenium_Training\ParallelExecutiontestng.xml
	at org.testng.internal.Parameters.createParams(Parameters.java:270)
	at org.testng.internal.Parameters.createParametersForMethod(Parameters.java:358)
	at org.testng.internal.Parameters.createParameters(Parameters.java:700)
	at org.testng.internal.Parameters.createConfigurationParameters(Parameters.java:168)
	at org.testng.internal.ConfigInvoker.invokeConfigurations(ConfigInvoker.java:302)
	at org.testng.internal.TestMethodWorker.invokeBeforeClassMethods(TestMethodWorker.java:176)
	at org.testng.internal.TestMethodWorker.run(TestMethodWorker.java:122)
	at java.base/java.util.concurrent.ThreadPoolExecutor.runWorker(ThreadPoolExecutor.java:1144)
	at java.base/java.util.concurrent.ThreadPoolExecutor$Worker.run(ThreadPoolExecutor.java:642)
	at java.base/java.lang.Thread.run(Thread.java:1589)
</pre></div></td>
<td>-1687589541</td>
<td>test_Cases.DWS_Login_Test_Case@21de60b4</td></tr>
<tr>
<td title='test_Cases.DWS_Newsletter_Test_Case.browser_Setup()'><b>browser_Setup</b><br>Test class: test_Cases.DWS_Newsletter_Test_Case</td>
<td><div><pre>org.testng.TestNGException: 
Parameter &apos;URL&apos; is required by BeforeClass on method browser_Setup but has not been marked @Optional or defined
in D:\TYSS\JAVA\Selenium_Training\ParallelExecutiontestng.xml
	at java.base/java.util.concurrent.ThreadPoolExecutor.runWorker(ThreadPoolExecutor.java:1144)
	at java.base/java.util.concurrent.ThreadPoolExecutor$Worker.run(ThreadPoolExecutor.java:642)
	at java.base/java.lang.Thread.run(Thread.java:1589)
... Removed 7 stack frames</pre></div><a href='#' onClick='toggleBox("stack-trace703155438", this, "Click to show all stack frames", "Click to hide stack frames")'>Click to show all stack frames</a>
<div class='stack-trace' id='stack-trace703155438'><pre>org.testng.TestNGException: 
Parameter &apos;URL&apos; is required by BeforeClass on method browser_Setup but has not been marked @Optional or defined
in D:\TYSS\JAVA\Selenium_Training\ParallelExecutiontestng.xml
	at org.testng.internal.Parameters.createParams(Parameters.java:270)
	at org.testng.internal.Parameters.createParametersForMethod(Parameters.java:358)
	at org.testng.internal.Parameters.createParameters(Parameters.java:700)
	at org.testng.internal.Parameters.createConfigurationParameters(Parameters.java:168)
	at org.testng.internal.ConfigInvoker.invokeConfigurations(ConfigInvoker.java:302)
	at org.testng.internal.TestMethodWorker.invokeBeforeClassMethods(TestMethodWorker.java:176)
	at org.testng.internal.TestMethodWorker.run(TestMethodWorker.java:122)
	at java.base/java.util.concurrent.ThreadPoolExecutor.runWorker(ThreadPoolExecutor.java:1144)
	at java.base/java.util.concurrent.ThreadPoolExecutor$Worker.run(ThreadPoolExecutor.java:642)
	at java.base/java.lang.Thread.run(Thread.java:1589)
</pre></div></td>
<td>-1687589541</td>
<td>test_Cases.DWS_Newsletter_Test_Case@5e82df6a</td></tr>
</table><p>
<table width='100%' border='1' class='invocation-skipped'>
<tr><td colspan='4' align='center'><b>SKIPPED CONFIGURATIONS</b></td></tr>
<tr><td><b>Test method</b></td>
<td width="30%"><b>Exception</b></td>
<td width="10%"><b>Time (seconds)</b></td>
<td><b>Instance</b></td>
</tr>
<tr>
<td title='test_Cases.DWS_Community_Poll_Test_Case.browser_Tear_Down()'><b>browser_Tear_Down</b><br>Test class: test_Cases.DWS_Community_Poll_Test_Case</td>
<td></td>
<td>-1687589541</td>
<td>test_Cases.DWS_Community_Poll_Test_Case@3f197a46</td></tr>
<tr>
<td title='test_Cases.DWS_Newsletter_Test_Case.browser_Tear_Down()'><b>browser_Tear_Down</b><br>Test class: test_Cases.DWS_Newsletter_Test_Case</td>
<td></td>
<td>-1687589541</td>
<td>test_Cases.DWS_Newsletter_Test_Case@5e82df6a</td></tr>
<tr>
<td title='test_Cases.DWS_Login_Test_Case.browser_Tear_Down()'><b>browser_Tear_Down</b><br>Test class: test_Cases.DWS_Login_Test_Case</td>
<td></td>
<td>-1687589541</td>
<td>test_Cases.DWS_Login_Test_Case@21de60b4</td></tr>
</table><p>
<table width='100%' border='1' class='invocation-skipped'>
<tr><td colspan='4' align='center'><b>SKIPPED TESTS</b></td></tr>
<tr><td><b>Test method</b></td>
<td width="30%"><b>Exception</b></td>
<td width="10%"><b>Time (seconds)</b></td>
<td><b>Instance</b></td>
</tr>
<tr>
<td title='test_Cases.DWS_Community_Poll_Test_Case.communityPoll()'><b>communityPoll</b><br>Test class: test_Cases.DWS_Community_Poll_Test_Case</td>
<td><div><pre>org.testng.TestNGException: 
Parameter &apos;URL&apos; is required by BeforeClass on method browser_Setup but has not been marked @Optional or defined
in D:\TYSS\JAVA\Selenium_Training\ParallelExecutiontestng.xml
	at java.base/java.util.concurrent.ThreadPoolExecutor.runWorker(ThreadPoolExecutor.java:1144)
	at java.base/java.util.concurrent.ThreadPoolExecutor$Worker.run(ThreadPoolExecutor.java:642)
	at java.base/java.lang.Thread.run(Thread.java:1589)
... Removed 7 stack frames</pre></div><a href='#' onClick='toggleBox("stack-trace2022325356", this, "Click to show all stack frames", "Click to hide stack frames")'>Click to show all stack frames</a>
<div class='stack-trace' id='stack-trace2022325356'><pre>org.testng.TestNGException: 
Parameter &apos;URL&apos; is required by BeforeClass on method browser_Setup but has not been marked @Optional or defined
in D:\TYSS\JAVA\Selenium_Training\ParallelExecutiontestng.xml
	at org.testng.internal.Parameters.createParams(Parameters.java:270)
	at org.testng.internal.Parameters.createParametersForMethod(Parameters.java:358)
	at org.testng.internal.Parameters.createParameters(Parameters.java:700)
	at org.testng.internal.Parameters.createConfigurationParameters(Parameters.java:168)
	at org.testng.internal.ConfigInvoker.invokeConfigurations(ConfigInvoker.java:302)
	at org.testng.internal.TestMethodWorker.invokeBeforeClassMethods(TestMethodWorker.java:176)
	at org.testng.internal.TestMethodWorker.run(TestMethodWorker.java:122)
	at java.base/java.util.concurrent.ThreadPoolExecutor.runWorker(ThreadPoolExecutor.java:1144)
	at java.base/java.util.concurrent.ThreadPoolExecutor$Worker.run(ThreadPoolExecutor.java:642)
	at java.base/java.lang.Thread.run(Thread.java:1589)
</pre></div></td>
<td>0</td>
<td>test_Cases.DWS_Community_Poll_Test_Case@3f197a46</td></tr>
<tr>
<td title='test_Cases.DWS_Login_Test_Case.Login()'><b>Login</b><br>Test class: test_Cases.DWS_Login_Test_Case<br>Parameters: nikhil26@gmail.com, nikhil123</td>
<td><div><pre>org.testng.TestNGException: 
Parameter &apos;URL&apos; is required by BeforeClass on method browser_Setup but has not been marked @Optional or defined
in D:\TYSS\JAVA\Selenium_Training\ParallelExecutiontestng.xml
	at java.base/java.util.concurrent.ThreadPoolExecutor.runWorker(ThreadPoolExecutor.java:1144)
	at java.base/java.util.concurrent.ThreadPoolExecutor$Worker.run(ThreadPoolExecutor.java:642)
	at java.base/java.lang.Thread.run(Thread.java:1589)
... Removed 7 stack frames</pre></div><a href='#' onClick='toggleBox("stack-trace812844603", this, "Click to show all stack frames", "Click to hide stack frames")'>Click to show all stack frames</a>
<div class='stack-trace' id='stack-trace812844603'><pre>org.testng.TestNGException: 
Parameter &apos;URL&apos; is required by BeforeClass on method browser_Setup but has not been marked @Optional or defined
in D:\TYSS\JAVA\Selenium_Training\ParallelExecutiontestng.xml
	at org.testng.internal.Parameters.createParams(Parameters.java:270)
	at org.testng.internal.Parameters.createParametersForMethod(Parameters.java:358)
	at org.testng.internal.Parameters.createParameters(Parameters.java:700)
	at org.testng.internal.Parameters.createConfigurationParameters(Parameters.java:168)
	at org.testng.internal.ConfigInvoker.invokeConfigurations(ConfigInvoker.java:302)
	at org.testng.internal.TestMethodWorker.invokeBeforeClassMethods(TestMethodWorker.java:176)
	at org.testng.internal.TestMethodWorker.run(TestMethodWorker.java:122)
	at java.base/java.util.concurrent.ThreadPoolExecutor.runWorker(ThreadPoolExecutor.java:1144)
	at java.base/java.util.concurrent.ThreadPoolExecutor$Worker.run(ThreadPoolExecutor.java:642)
	at java.base/java.lang.Thread.run(Thread.java:1589)
</pre></div></td>
<td>0</td>
<td>test_Cases.DWS_Login_Test_Case@21de60b4</td></tr>
<tr>
<td title='test_Cases.DWS_Newsletter_Test_Case.newsLetter()'><b>newsLetter</b><br>Test class: test_Cases.DWS_Newsletter_Test_Case<br>Parameters: chandelwar7@gmail.com</td>
<td><div><pre>org.testng.TestNGException: 
Parameter &apos;URL&apos; is required by BeforeClass on method browser_Setup but has not been marked @Optional or defined
in D:\TYSS\JAVA\Selenium_Training\ParallelExecutiontestng.xml
	at java.base/java.util.concurrent.ThreadPoolExecutor.runWorker(ThreadPoolExecutor.java:1144)
	at java.base/java.util.concurrent.ThreadPoolExecutor$Worker.run(ThreadPoolExecutor.java:642)
	at java.base/java.lang.Thread.run(Thread.java:1589)
... Removed 7 stack frames</pre></div><a href='#' onClick='toggleBox("stack-trace915025524", this, "Click to show all stack frames", "Click to hide stack frames")'>Click to show all stack frames</a>
<div class='stack-trace' id='stack-trace915025524'><pre>org.testng.TestNGException: 
Parameter &apos;URL&apos; is required by BeforeClass on method browser_Setup but has not been marked @Optional or defined
in D:\TYSS\JAVA\Selenium_Training\ParallelExecutiontestng.xml
	at org.testng.internal.Parameters.createParams(Parameters.java:270)
	at org.testng.internal.Parameters.createParametersForMethod(Parameters.java:358)
	at org.testng.internal.Parameters.createParameters(Parameters.java:700)
	at org.testng.internal.Parameters.createConfigurationParameters(Parameters.java:168)
	at org.testng.internal.ConfigInvoker.invokeConfigurations(ConfigInvoker.java:302)
	at org.testng.internal.TestMethodWorker.invokeBeforeClassMethods(TestMethodWorker.java:176)
	at org.testng.internal.TestMethodWorker.run(TestMethodWorker.java:122)
	at java.base/java.util.concurrent.ThreadPoolExecutor.runWorker(ThreadPoolExecutor.java:1144)
	at java.base/java.util.concurrent.ThreadPoolExecutor$Worker.run(ThreadPoolExecutor.java:642)
	at java.base/java.lang.Thread.run(Thread.java:1589)
</pre></div></td>
<td>0</td>
<td>test_Cases.DWS_Newsletter_Test_Case@5e82df6a</td></tr>
</table><p>
</body>
</html>