<?xml version="1.0" encoding="UTF-8"?>
<!-- Generated by org.testng.reporters.JUnitXMLReporter -->
<testsuite ignored="0" hostname="Nikhil" failures="0" tests="3" name="Test" time="0.076" errors="0" timestamp="2023-06-24T12:22:21 IST">
  <testcase classname="framework_Utility.Base_Test" name="@BeforeClass browser_Setup" time="-1.687589541399E9">
    <failure type="org.testng.TestNGException" message="
Parameter &amp;apos;URL&amp;apos; is required by BeforeClass on method browser_Setup but has not been marked @Optional or defined
in D:\TYSS\JAVA\Selenium_Training\ParallelExecutiontestng.xml">
      <![CDATA[org.testng.TestNGException: 
Parameter 'URL' is required by BeforeClass on method browser_Setup but has not been marked @Optional or defined
in D:\TYSS\JAVA\Selenium_Training\ParallelExecutiontestng.xml
at java.base/java.util.concurrent.ThreadPoolExecutor.runWorker(ThreadPoolExecutor.java:1144)
at java.base/java.util.concurrent.ThreadPoolExecutor$Worker.run(ThreadPoolExecutor.java:642)
at java.base/java.lang.Thread.run(Thread.java:1589)
... Removed 7 stack frames]]>
    </failure>
  </testcase> <!-- @BeforeClass browser_Setup -->
  <testcase classname="framework_Utility.Base_Test" name="@BeforeClass browser_Setup" time="-1.687589541399E9">
    <failure type="org.testng.TestNGException" message="
Parameter &amp;apos;URL&amp;apos; is required by BeforeClass on method browser_Setup but has not been marked @Optional or defined
in D:\TYSS\JAVA\Selenium_Training\ParallelExecutiontestng.xml">
      <![CDATA[org.testng.TestNGException: 
Parameter 'URL' is required by BeforeClass on method browser_Setup but has not been marked @Optional or defined
in D:\TYSS\JAVA\Selenium_Training\ParallelExecutiontestng.xml
at java.base/java.util.concurrent.ThreadPoolExecutor.runWorker(ThreadPoolExecutor.java:1144)
at java.base/java.util.concurrent.ThreadPoolExecutor$Worker.run(ThreadPoolExecutor.java:642)
at java.base/java.lang.Thread.run(Thread.java:1589)
... Removed 7 stack frames]]>
    </failure>
  </testcase> <!-- @BeforeClass browser_Setup -->
  <testcase classname="framework_Utility.Base_Test" name="@BeforeClass browser_Setup" time="-1.687589541399E9">
    <failure type="org.testng.TestNGException" message="
Parameter &amp;apos;URL&amp;apos; is required by BeforeClass on method browser_Setup but has not been marked @Optional or defined
in D:\TYSS\JAVA\Selenium_Training\ParallelExecutiontestng.xml">
      <![CDATA[org.testng.TestNGException: 
Parameter 'URL' is required by BeforeClass on method browser_Setup but has not been marked @Optional or defined
in D:\TYSS\JAVA\Selenium_Training\ParallelExecutiontestng.xml
at java.base/java.util.concurrent.ThreadPoolExecutor.runWorker(ThreadPoolExecutor.java:1144)
at java.base/java.util.concurrent.ThreadPoolExecutor$Worker.run(ThreadPoolExecutor.java:642)
at java.base/java.lang.Thread.run(Thread.java:1589)
... Removed 7 stack frames]]>
    </failure>
  </testcase> <!-- @BeforeClass browser_Setup -->
  <testcase classname="framework_Utility.Base_Test" name="@AfterClass browser_Tear_Down" time="-1.687589541444E9">
    <skipped/>
  </testcase> <!-- @AfterClass browser_Tear_Down -->
  <testcase classname="framework_Utility.Base_Test" name="@AfterClass browser_Tear_Down" time="-1.687589541445E9">
    <skipped/>
  </testcase> <!-- @AfterClass browser_Tear_Down -->
  <testcase classname="framework_Utility.Base_Test" name="@AfterClass browser_Tear_Down" time="-1.687589541448E9">
    <skipped/>
  </testcase> <!-- @AfterClass browser_Tear_Down -->
  <testcase classname="test_Cases.DWS_Newsletter_Test_Case" name="newsLetter" time="0.0">
    <skipped/>
  </testcase> <!-- newsLetter -->
  <testcase classname="test_Cases.DWS_Community_Poll_Test_Case" name="communityPoll" time="0.0">
    <skipped/>
  </testcase> <!-- communityPoll -->
  <testcase classname="test_Cases.DWS_Login_Test_Case" name="Login" time="0.0">
    <skipped/>
  </testcase> <!-- Login -->
</testsuite> <!-- Test -->
