<?xml version="1.0" encoding="UTF-8"?>
<!-- Generated by org.testng.reporters.JUnitReportReporter -->
<testsuite hostname="Nikhil" failures="0" tests="10" name="testNG_Basics.Working_With_Parallel_Execution_Two" time="190.263" errors="1" timestamp="2023-06-24T12:13:57 IST" skipped="0">
  <testcase classname="testNG_Basics.Working_With_Parallel_Execution_Two" name="loginTest" time="13.481"/>
  <system-out/>
  <testcase classname="testNG_Basics.Working_With_Parallel_Execution_Two" name="loginTest" time="29.789"/>
  <system-out/>
  <testcase classname="testNG_Basics.Working_With_Parallel_Execution_Two" name="loginTest" time="14.538"/>
  <system-out/>
  <testcase classname="testNG_Basics.Working_With_Parallel_Execution_Two" name="loginTest" time="28.706"/>
  <system-out/>
  <testcase classname="testNG_Basics.Working_With_Parallel_Execution_Two" name="loginTest" time="7.393">
    <error message="session not created
from no such execution context: uniqueContextId not found
  (Session info: chrome=114.0.5735.134)
Build info: version: &#039;3.141.59&#039;, revision: &#039;e82be7d358&#039;, time: &#039;2018-11-14T08:25:53&#039;
System info: host: &#039;NIKHIL&#039;, ip: &#039;192.168.0.243&#039;, os.name: &#039;Windows 11&#039;, os.arch: &#039;amd64&#039;, os.version: &#039;10.0&#039;, java.version: &#039;19.0.1&#039;
Driver info: driver.version: ChromeDriver
remote stacktrace: Backtrace:
	GetHandleVerifier [0x01128893+48451]
	(No symbol) [0x010BB8A1]
	(No symbol) [0x00FC5058]
	(No symbol) [0x00FB87D0]
	(No symbol) [0x00FB6F58]
	(No symbol) [0x00FB75CA]
	(No symbol) [0x00FC8067]
	(No symbol) [0x00FC9631]
	(No symbol) [0x00FC96D0]
	(No symbol) [0x01011A58]
	(No symbol) [0x0101047C]
	(No symbol) [0x0100A0B6]
	(No symbol) [0x00FE7E08]
	(No symbol) [0x00FE8F2D]
	GetHandleVerifier [0x01388E3A+2540266]
	GetHandleVerifier [0x013C8959+2801161]
	GetHandleVerifier [0x013C295C+2776588]
	GetHandleVerifier [0x011B2280+612144]
	(No symbol) [0x010C4F6C]
	(No symbol) [0x010C11D8]
	(No symbol) [0x010C12BB]
	(No symbol) [0x010B4857]
	BaseThreadInitThunk [0x76037D59+25]
	RtlInitializeExceptionChain [0x77E5B74B+107]
	RtlClearBits [0x77E5B6CF+191]
" type="org.openqa.selenium.SessionNotCreatedException">
      <![CDATA[org.openqa.selenium.SessionNotCreatedException: session not created
from no such execution context: uniqueContextId not found
  (Session info: chrome=114.0.5735.134)
Build info: version: '3.141.59', revision: 'e82be7d358', time: '2018-11-14T08:25:53'
System info: host: 'NIKHIL', ip: '192.168.0.243', os.name: 'Windows 11', os.arch: 'amd64', os.version: '10.0', java.version: '19.0.1'
Driver info: driver.version: ChromeDriver
remote stacktrace: Backtrace:
GetHandleVerifier [0x01128893+48451]
(No symbol) [0x010BB8A1]
(No symbol) [0x00FC5058]
(No symbol) [0x00FB87D0]
(No symbol) [0x00FB6F58]
(No symbol) [0x00FB75CA]
(No symbol) [0x00FC8067]
(No symbol) [0x00FC9631]
(No symbol) [0x00FC96D0]
(No symbol) [0x01011A58]
(No symbol) [0x0101047C]
(No symbol) [0x0100A0B6]
(No symbol) [0x00FE7E08]
(No symbol) [0x00FE8F2D]
GetHandleVerifier [0x01388E3A+2540266]
GetHandleVerifier [0x013C8959+2801161]
GetHandleVerifier [0x013C295C+2776588]
GetHandleVerifier [0x011B2280+612144]
(No symbol) [0x010C4F6C]
(No symbol) [0x010C11D8]
(No symbol) [0x010C12BB]
(No symbol) [0x010B4857]
BaseThreadInitThunk [0x76037D59+25]
RtlInitializeExceptionChain [0x77E5B74B+107]
RtlClearBits [0x77E5B6CF+191]

at java.base/jdk.internal.reflect.DirectConstructorHandleAccessor.newInstance(DirectConstructorHandleAccessor.java:67)
at java.base/java.lang.reflect.Constructor.newInstanceWithCaller(Constructor.java:500)
at java.base/java.lang.reflect.Constructor.newInstance(Constructor.java:484)
at org.openqa.selenium.remote.W3CHandshakeResponse.lambda$errorHandler$0(W3CHandshakeResponse.java:62)
at org.openqa.selenium.remote.HandshakeResponse.lambda$getResponseFunction$0(HandshakeResponse.java:30)
at org.openqa.selenium.remote.ProtocolHandshake.lambda$createSession$0(ProtocolHandshake.java:126)
at java.base/java.util.stream.ReferencePipeline$3$1.accept(ReferencePipeline.java:197)
at java.base/java.util.Spliterators$ArraySpliterator.tryAdvance(Spliterators.java:1016)
at java.base/java.util.stream.ReferencePipeline.forEachWithCancel(ReferencePipeline.java:129)
at java.base/java.util.stream.AbstractPipeline.copyIntoWithCancel(AbstractPipeline.java:527)
at java.base/java.util.stream.AbstractPipeline.copyInto(AbstractPipeline.java:513)
at java.base/java.util.stream.AbstractPipeline.wrapAndCopyInto(AbstractPipeline.java:499)
at java.base/java.util.stream.FindOps$FindOp.evaluateSequential(FindOps.java:150)
at java.base/java.util.stream.AbstractPipeline.evaluate(AbstractPipeline.java:234)
at java.base/java.util.stream.ReferencePipeline.findFirst(ReferencePipeline.java:647)
at org.openqa.selenium.remote.ProtocolHandshake.createSession(ProtocolHandshake.java:128)
at org.openqa.selenium.remote.ProtocolHandshake.createSession(ProtocolHandshake.java:74)
at org.openqa.selenium.remote.HttpCommandExecutor.execute(HttpCommandExecutor.java:136)
at org.openqa.selenium.remote.service.DriverCommandExecutor.execute(DriverCommandExecutor.java:83)
at org.openqa.selenium.remote.RemoteWebDriver.execute(RemoteWebDriver.java:552)
at org.openqa.selenium.remote.RemoteWebDriver.startSession(RemoteWebDriver.java:213)
at org.openqa.selenium.remote.RemoteWebDriver.<init>(RemoteWebDriver.java:131)
at org.openqa.selenium.chrome.ChromeDriver.<init>(ChromeDriver.java:181)
at org.openqa.selenium.chrome.ChromeDriver.<init>(ChromeDriver.java:168)
at org.openqa.selenium.chrome.ChromeDriver.<init>(ChromeDriver.java:123)
at testNG_Basics.Working_With_Parallel_Execution_Two.loginTest(Working_With_Parallel_Execution_Two.java:24)
at java.base/jdk.internal.reflect.DirectMethodHandleAccessor.invoke(DirectMethodHandleAccessor.java:104)
at java.base/java.lang.reflect.Method.invoke(Method.java:578)
at org.testng.internal.MethodInvocationHelper.invokeMethod(MethodInvocationHelper.java:133)
at org.testng.internal.TestInvoker.invokeMethod(TestInvoker.java:598)
at org.testng.internal.TestInvoker.invokeTestMethod(TestInvoker.java:173)
at org.testng.internal.TestMethodWithDataProviderMethodWorker.call(TestMethodWithDataProviderMethodWorker.java:77)
at org.testng.internal.TestMethodWithDataProviderMethodWorker.call(TestMethodWithDataProviderMethodWorker.java:15)
at java.base/java.util.concurrent.FutureTask.run(FutureTask.java:317)
at java.base/java.util.concurrent.Executors$RunnableAdapter.call(Executors.java:577)
at java.base/java.util.concurrent.FutureTask.run(FutureTask.java:317)
at java.base/java.util.concurrent.ThreadPoolExecutor.runWorker(ThreadPoolExecutor.java:1144)
at java.base/java.util.concurrent.ThreadPoolExecutor$Worker.run(ThreadPoolExecutor.java:642)
at java.base/java.lang.Thread.run(Thread.java:1589)
]]>
    </error>
  </testcase> <!-- loginTest -->
  <system-out/>
  <testcase classname="testNG_Basics.Working_With_Parallel_Execution_Two" name="loginTest" time="22.621"/>
  <system-out/>
  <testcase classname="testNG_Basics.Working_With_Parallel_Execution_Two" name="loginTest" time="27.795"/>
  <system-out/>
  <testcase classname="testNG_Basics.Working_With_Parallel_Execution_Two" name="loginTest" time="11.520"/>
  <system-out/>
  <testcase classname="testNG_Basics.Working_With_Parallel_Execution_Two" name="loginTest" time="14.521"/>
  <system-out/>
  <testcase classname="testNG_Basics.Working_With_Parallel_Execution_Two" name="loginTest" time="19.899"/>
  <system-out/>
</testsuite> <!-- testNG_Basics.Working_With_Parallel_Execution_Two -->
